<?xml version="1.0" encoding="UTF-8"?>
<!-- Generated by org.testng.reporters.JUnitReportReporter -->
<testsuite hostname="QT-US-LT0014" failures="0" tests="1" name="Parallel01IT" time="23.351" errors="0" timestamp="27 May 2021 16:41:35 GMT" skipped="0">
  <testcase classname="Parallel01IT" name="runScenario" time="23.351"/>
</testsuite> <!-- Parallel01IT -->
